<?xml version="1.0" encoding="UTF-8"?>
<testsuite xmlns:xsi="http://www.w3.org/2001/XMLSchema-instance" xsi:noNamespaceSchemaLocation="https://maven.apache.org/surefire/maven-surefire-plugin/xsd/surefire-test-report-3.0.xsd" version="3.0" name="it.unipd.tos.AppTest" time="0.201" tests="4" errors="0" skipped="0" failures="0">
  <properties>
[...]
</properties>
  <testcase name="ordineConPiuDi30Elementi" classname="it.unipd.tos.AppTest" time="0.099"/>
  <testcase name="totaleBevandeEscluseMaggiore50EuroSconto10perc" classname="it.unipd.tos.AppTest" time="0"/>
  <testcase name="ordineConPiuDi5PaniniSconto50percSulMenoCaro" classname="it.unipd.tos.AppTest" time="0"/>
  <testcase name="totMinoreDi10EuroCommissione50cent" classname="it.unipd.tos.AppTest" time="0"/>
</testsuite>